<?xml version="1.0" encoding="UTF-8"?>
<ehcache updateCheck="false" name="hibernateCache">

	<diskStore path="d:/ehcache/top/hibernate" />

	<cacheManagerPeerProviderFactory
		class="net.sf.ehcache.distribution.RMICacheManagerPeerProviderFactory"
		properties="peerDiscovery=automatic,multicastGroupAddress=230.0.0.1,multicastGroupPort=4446" />
	<cacheManagerPeerListenerFactory
		class="net.sf.ehcache.distribution.RMICacheManagerPeerListenerFactory" />


	<!-- DefaultCache setting. -->
	<defaultCache maxEntriesLocalHeap="10000" eternal="false"
		timeToIdleSeconds="300" timeToLiveSeconds="600" overflowToDisk="true"
		maxEntriesLocalDisk="100000" />



	<cache name="com.top.model.jpa.Trade" maxElementsInMemory="1000">
		<cacheEventListenerFactory
			class="net.sf.ehcache.distribution.RMICacheReplicatorFactory"
			roperties="replicatePuts=false,replicateUpdatesViaCopy=false" />
	</cache>
	<!-- Special objects setting. -->
	<cache name="com.top.model.jpa.Users" maxEntriesLocalHeap="1000"
		eternal="true" overflowToDisk="true" maxEntriesLocalDisk="10000" />
	<cache name="com.top.model.jpa.Authory" maxEntriesLocalHeap="1000"
		eternal="true" overflowToDisk="true" maxEntriesLocalDisk="10000" />
	<cache name="com.top.model.jpa.Role" maxEntriesLocalHeap="100"
		eternal="true" overflowToDisk="true" maxEntriesLocalDisk="1000" />

	<cache name="com.top.model.jpa.Customer" maxEntriesLocalHeap="100"
		eternal="true" overflowToDisk="true" maxEntriesLocalDisk="1000" />
	<cache name="com.top.model.jpa.Duihuan" maxEntriesLocalHeap="100"
		eternal="true" overflowToDisk="true" maxEntriesLocalDisk="1000" />
</ehcache>